[debug] [2022-02-11T17:42:41.100Z] ----------------------------------------------------------------------
[debug] [2022-02-11T17:42:41.101Z] Command:       C:\Program Files\nodejs\node.exe C:\Users\dg142\AppData\Roaming\npm\node_modules\firebase-tools\lib\bin\firebase.js init
[debug] [2022-02-11T17:42:41.102Z] CLI Version:   9.19.0
[debug] [2022-02-11T17:42:41.102Z] Platform:      win32
[debug] [2022-02-11T17:42:41.102Z] Node Version:  v15.3.0
[debug] [2022-02-11T17:42:41.103Z] Time:          Fri Feb 11 2022 09:42:41 GMT-0800 (Pacific Standard Time)
[debug] [2022-02-11T17:42:41.103Z] ----------------------------------------------------------------------
[debug] 
[debug] [2022-02-11T17:42:41.105Z] >>> [apiv2][query] GET https://firebase-public.firebaseio.com/cli.json [none]
[debug] [2022-02-11T17:42:41.124Z] > command requires scopes: ["email","openid","https://www.googleapis.com/auth/cloudplatformprojects.readonly","https://www.googleapis.com/auth/firebase","https://www.googleapis.com/auth/cloud-platform"]
[debug] [2022-02-11T17:42:41.124Z] > authorizing via signed-in user (dg14232@gmail.com)
[info] 
     ######## #### ########  ######## ########     ###     ######  ########
     ##        ##  ##     ## ##       ##     ##  ##   ##  ##       ##
     ######    ##  ########  ######   ########  #########  ######  ######
     ##        ##  ##    ##  ##       ##     ## ##     ##       ## ##
     ##       #### ##     ## ######## ########  ##     ##  ######  ########

You're about to initialize a Firebase project in this directory:

  E:\undemo-encryptor

[debug] [2022-02-11T17:42:44.469Z] <<< [apiv2][status] GET https://firebase-public.firebaseio.com/cli.json 200
[debug] [2022-02-11T17:42:44.470Z] <<< [apiv2][body] GET https://firebase-public.firebaseio.com/cli.json {"cloudBuildErrorAfter":1594252800000,"cloudBuildWarnAfter":1590019200000,"defaultNode10After":1594252800000,"minVersion":"3.0.5","node8DeploysDisabledAfter":1613390400000,"node8RuntimeDisabledAfter":1615809600000,"node8WarnAfter":1600128000000}
[info] 
=== Project Setup
[info] 
[info] First, let's associate this project directory with a Firebase project.
[info] You can create multiple project aliases by running firebase use --add, 
[info] but for now we'll just set up a default project.
[info] 
[debug] [2022-02-11T17:42:56.743Z] > refreshing access token with scopes: []
[debug] [2022-02-11T17:42:56.744Z] >>> HTTP REQUEST POST https://www.googleapis.com/oauth2/v3/token  
 <request body omitted>
[debug] [2022-02-11T17:42:58.364Z] <<< HTTP RESPONSE 200 {"expires":"Mon, 01 Jan 1990 00:00:00 GMT","pragma":"no-cache","date":"Fri, 11 Feb 2022 17:42:57 GMT","cache-control":"no-cache, no-store, max-age=0, must-revalidate","content-type":"application/json; charset=utf-8","vary":"X-Origin, Referer, Origin,Accept-Encoding","server":"scaffolding on HTTPServer2","x-xss-protection":"0","x-frame-options":"SAMEORIGIN","x-content-type-options":"nosniff","alt-svc":"h3=\":443\"; ma=2592000,h3-29=\":443\"; ma=2592000,h3-Q050=\":443\"; ma=2592000,h3-Q046=\":443\"; ma=2592000,h3-Q043=\":443\"; ma=2592000,quic=\":443\"; ma=2592000; v=\"46,43\"","accept-ranges":"none","transfer-encoding":"chunked"}
[debug] [2022-02-11T17:42:58.373Z] >>> [apiv2][query] GET https://firebase.googleapis.com/v1beta1/projects pageSize=100
[debug] [2022-02-11T17:43:01.131Z] <<< [apiv2][status] GET https://firebase.googleapis.com/v1beta1/projects 200
[debug] [2022-02-11T17:43:01.132Z] <<< [apiv2][body] GET https://firebase.googleapis.com/v1beta1/projects [omitted]
[info] i  Using project undemo-encryptor (undemo-encryptor) 
[info] 
=== Hosting Setup
[info] 
[info] Your public directory is the folder (relative to your project directory) that
[info] will contain Hosting assets to be uploaded with firebase deploy. If you
[info] have a build process for your assets, use your build's output directory.
[info] 
[info] +  Wrote public/404.html 
[debug] [2022-02-11T17:43:20.133Z] >>> [apiv2][query] GET https://www.gstatic.com/firebasejs/releases.json [none]
[debug] [2022-02-11T17:43:21.468Z] <<< [apiv2][status] GET https://www.gstatic.com/firebasejs/releases.json 200
[debug] [2022-02-11T17:43:21.469Z] <<< [apiv2][body] GET https://www.gstatic.com/firebasejs/releases.json {"current":{"version":"9.6.6","browserURL":"https://www.gstatic.com/firebasejs/9.6.6/firebase.js","packageURL":"https://www.gstatic.com/firebasejs/9.6.6/firebase.tgz"},"live":{"version":"9.6","browserURL":"https://www.gstatic.com/firebasejs/live/9.6/firebase.js","packageURL":"https://www.gstatic.com/firebasejs/live/9.6/firebase.tgz"},"components":{"analytics":"https://www.gstatic.com/firebasejs/9.6.6/firebase-analytics.js","app":"https://www.gstatic.com/firebasejs/9.6.6/firebase-app.js","app-check":"https://www.gstatic.com/firebasejs/9.6.6/firebase-app-check.js","auth":"https://www.gstatic.com/firebasejs/9.6.6/firebase-auth.js","auth/cordova":"https://www.gstatic.com/firebasejs/9.6.6/firebase-auth/cordova.js","auth/react-native":"https://www.gstatic.com/firebasejs/9.6.6/firebase-auth/react-native.js","functions":"https://www.gstatic.com/firebasejs/9.6.6/firebase-functions.js","firestore":"https://www.gstatic.com/firebasejs/9.6.6/firebase-firestore.js","firestore/lite":"https://www.gstatic.com/firebasejs/9.6.6/firebase-firestore/lite.js","storage":"https://www.gstatic.com/firebasejs/9.6.6/firebase-storage.js","performance":"https://www.gstatic.com/firebasejs/9.6.6/firebase-performance.js","remote-config":"https://www.gstatic.com/firebasejs/9.6.6/firebase-remote-config.js","messaging":"https://www.gstatic.com/firebasejs/9.6.6/firebase-messaging.js","messaging/sw":"https://www.gstatic.com/firebasejs/9.6.6/firebase-messaging/sw.js","database":"https://www.gstatic.com/firebasejs/9.6.6/firebase-database.js","firestore.memory":"https://www.gstatic.com/firebasejs/9.6.6/firebase-firestore.memory.js"}}
[info] +  Wrote public/index.html 
[info] 
[info] i  Didn't detect a .git folder. Assuming E:\undemo-encryptor is the project root. 
[info] i  Authorizing with GitHub to upload your service account to a GitHub repository's secrets store. 
[info] 
[info] Visit this URL on this device to log in:
[info] https://github.com/login/oauth/authorize?client_id=89cf50f02ac6aaed3484&state=890592889&redirect_uri=http%3A%2F%2Flocalhost%3A9005&scope=read%3Auser%20repo%20public_repo
[info] 
[info] Waiting for authentication...
[debug] [2022-02-11T17:43:33.373Z] >>> HTTP REQUEST POST https://github.com/login/oauth/access_token  
 {"client_id":"89cf50f02ac6aaed3484","client_secret":"3330d14abc895d9a74d5f17cd7a00711fa2c5bf0","code":"ce055fc5a90d8f308223","redirect_uri":"http://localhost:9005","state":"890592889"}
[debug] [2022-02-11T17:43:35.470Z] <<< HTTP RESPONSE 200 {"server":"GitHub.com","date":"Fri, 11 Feb 2022 17:43:35 GMT","content-type":"application/json; charset=utf-8","transfer-encoding":"chunked","vary":"X-PJAX, X-PJAX-Container, Accept-Encoding, Accept, X-Requested-With","permissions-policy":"interest-cohort=()","etag":"W/\"5a28be9fd91bfecff6905dc652a2ec17\"","cache-control":"max-age=0, private, must-revalidate","strict-transport-security":"max-age=31536000; includeSubdomains; preload","x-frame-options":"deny","x-content-type-options":"nosniff","x-xss-protection":"0","referrer-policy":"origin-when-cross-origin, strict-origin-when-cross-origin","expect-ct":"max-age=2592000, report-uri=\"https://api.github.com/_private/browser/errors\"","content-security-policy":"default-src 'none'; base-uri 'self'; block-all-mixed-content; child-src github.com/assets-cdn/worker/ gist.github.com/assets-cdn/worker/; connect-src 'self' uploads.github.com objects-origin.githubusercontent.com www.githubstatus.com collector.githubapp.com collector.github.com api.github.com github-cloud.s3.amazonaws.com github-production-repository-file-5c1aeb.s3.amazonaws.com github-production-upload-manifest-file-7fdce7.s3.amazonaws.com github-production-user-asset-6210df.s3.amazonaws.com cdn.optimizely.com logx.optimizely.com/v1/events translator.github.com wss://alive.github.com; font-src github.githubassets.com; form-action 'self' github.com gist.github.com objects-origin.githubusercontent.com; frame-ancestors 'none'; frame-src render.githubusercontent.com viewscreen.githubusercontent.com notebooks.githubusercontent.com; img-src 'self' data: github.githubassets.com identicons.github.com collector.githubapp.com collector.github.com github-cloud.s3.amazonaws.com secured-user-images.githubusercontent.com/ *.githubusercontent.com; manifest-src 'self'; media-src github.com user-images.githubusercontent.com/; script-src github.githubassets.com; style-src 'unsafe-inline' github.githubassets.com; worker-src github.com/assets-cdn/worker/ gist.github.com/assets-cdn/worker/","x-github-request-id":"CC45:0E00:1D57263:32269A6:6206A046"}
[debug] [2022-02-11T17:43:35.473Z] >>> [apiv2][query] GET https://api.github.com/user [none]
[debug] [2022-02-11T17:43:37.371Z] <<< [apiv2][status] GET https://api.github.com/user 200
[debug] [2022-02-11T17:43:37.371Z] <<< [apiv2][body] GET https://api.github.com/user {"login":"dabbodev","id":7465543,"node_id":"MDQ6VXNlcjc0NjU1NDM=","avatar_url":"https://avatars.githubusercontent.com/u/7465543?v=4","gravatar_id":"","url":"https://api.github.com/users/dabbodev","html_url":"https://github.com/dabbodev","followers_url":"https://api.github.com/users/dabbodev/followers","following_url":"https://api.github.com/users/dabbodev/following{/other_user}","gists_url":"https://api.github.com/users/dabbodev/gists{/gist_id}","starred_url":"https://api.github.com/users/dabbodev/starred{/owner}{/repo}","subscriptions_url":"https://api.github.com/users/dabbodev/subscriptions","organizations_url":"https://api.github.com/users/dabbodev/orgs","repos_url":"https://api.github.com/users/dabbodev/repos","events_url":"https://api.github.com/users/dabbodev/events{/privacy}","received_events_url":"https://api.github.com/users/dabbodev/received_events","type":"User","site_admin":false,"name":"David Giles","company":null,"blog":"","location":"San Jose, CA","email":"dabbodev@gmail.com","hireable":null,"bio":null,"twitter_username":null,"public_repos":30,"public_gists":0,"followers":0,"following":0,"created_at":"2014-05-02T09:14:46Z","updated_at":"2022-01-11T03:41:52Z","private_gists":0,"total_private_repos":2,"owned_private_repos":2,"disk_usage":255271,"collaborators":0,"two_factor_authentication":false,"plan":{"name":"free","space":976562499,"collaborators":0,"private_repos":10000}}
[info] 
[info] +  Success! Logged into GitHub as dabbodev 
[info] 
[debug] [2022-02-11T17:44:07.437Z] >>> [apiv2][query] GET https://api.github.com/repos/dabbodev/undemo-encryptor/actions/secrets/public-key type=owner
[debug] [2022-02-11T17:44:09.628Z] <<< [apiv2][status] GET https://api.github.com/repos/dabbodev/undemo-encryptor/actions/secrets/public-key 404
[debug] [2022-02-11T17:44:09.628Z] <<< [apiv2][body] GET https://api.github.com/repos/dabbodev/undemo-encryptor/actions/secrets/public-key {"message":"Not Found","documentation_url":"https://docs.github.com/rest/reference/actions#get-a-repository-public-key"}
[debug] [2022-02-11T17:44:17.186Z] >>> [apiv2][query] GET https://api.github.com/repos/dabbodev/undemo-encryptor/actions/secrets/public-key type=owner
[debug] [2022-02-11T17:44:18.681Z] <<< [apiv2][status] GET https://api.github.com/repos/dabbodev/undemo-encryptor/actions/secrets/public-key 404
[debug] [2022-02-11T17:44:18.681Z] <<< [apiv2][body] GET https://api.github.com/repos/dabbodev/undemo-encryptor/actions/secrets/public-key {"message":"Not Found","documentation_url":"https://docs.github.com/rest/reference/actions#get-a-repository-public-key"}
